{
  "RSpec": {
    "coverage": {
      "/Users/olivernorman/Makers/Projects/tech-tests/bank/spec/account_spec.rb": {
        "lines": [
          null,
          null,
          1,
          null,
          1,
          1,
          7,
          7,
          7,
          7,
          null,
          1,
          1,
          4,
          null,
          null,
          1,
          1,
          1,
          null,
          null,
          null,
          1,
          1,
          1,
          4,
          null,
          null,
          1,
          1,
          1,
          null,
          null,
          1,
          2,
          null,
          null,
          null,
          1,
          1,
          1,
          null,
          null,
          null
        ]
      },
      "/Users/olivernorman/Makers/Projects/tech-tests/bank/lib/account.rb": {
        "lines": [
          null,
          null,
          1,
          null,
          1,
          1,
          null,
          1,
          null,
          1,
          7,
          7,
          7,
          null,
          null,
          1,
          5,
          5,
          null,
          null,
          1,
          4,
          4,
          null,
          null,
          1,
          null,
          1,
          5,
          null,
          null,
          1,
          4,
          null,
          null
        ]
      },
      "/Users/olivernorman/Makers/Projects/tech-tests/bank/lib/statement.rb": {
        "lines": [
          null,
          null,
          1,
          null,
          1,
          null,
          1,
          null,
          1,
          3,
          null,
          null,
          1,
          3,
          8,
          null,
          null,
          1,
          null,
          1,
          3,
          null,
          null,
          1,
          5,
          null,
          null,
          1,
          15,
          null,
          null
        ]
      },
      "/Users/olivernorman/Makers/Projects/tech-tests/bank/lib/transaction_history.rb": {
        "lines": [
          null,
          null,
          1,
          null,
          1,
          null,
          1,
          null,
          1,
          2,
          2,
          null,
          null,
          1,
          4,
          null,
          null,
          null
        ]
      },
      "/Users/olivernorman/Makers/Projects/tech-tests/bank/lib/transaction.rb": {
        "lines": [
          null,
          null,
          1,
          1,
          null,
          1,
          7,
          7,
          7,
          7,
          null,
          null
        ]
      },
      "/Users/olivernorman/Makers/Projects/tech-tests/bank/spec/feature_spec.rb": {
        "lines": [
          null,
          null,
          1,
          null,
          1,
          1,
          1,
          1,
          1,
          1,
          1,
          1,
          1,
          2,
          null,
          null,
          null,
          null
        ]
      },
      "/Users/olivernorman/Makers/Projects/tech-tests/bank/spec/statement_spec.rb": {
        "lines": [
          null,
          null,
          1,
          null,
          1,
          3,
          3,
          3,
          3,
          null,
          1,
          1,
          2,
          null,
          null,
          null,
          null,
          1,
          2,
          null,
          null,
          null,
          null,
          null
        ]
      },
      "/Users/olivernorman/Makers/Projects/tech-tests/bank/spec/transaction_history_spec.rb": {
        "lines": [
          null,
          null,
          1,
          null,
          1,
          2,
          2,
          2,
          null,
          1,
          1,
          1,
          1,
          null,
          null,
          null
        ]
      },
      "/Users/olivernorman/Makers/Projects/tech-tests/bank/spec/transaction_spec.rb": {
        "lines": [
          null,
          null,
          1,
          null,
          1,
          1,
          1,
          null,
          null,
          1,
          1,
          null,
          null,
          1,
          1,
          null,
          null,
          1,
          1,
          null,
          null
        ]
      }
    },
    "timestamp": 1612887500
  }
}
